[
  {
    "role": "user",
    "content": "test"
  },
  {
    "role": "assistant",
    "content": "It looks like you're testing to make sure I'm working properly. Is there anything specific you'd like to chat about or ask for help with? I'm here to assist you!"
  },
  {
    "role": "user",
    "content": "my name is jom"
  },
  {
    "role": "assistant",
    "content": "Nice to meet you, Jom! How can I help you today? Do you have any questions, problems, or just want to have a conversation? I'm all ears!"
  },
  {
    "role": "user",
    "content": "whats my name"
  },
  {
    "role": "assistant",
    "content": "Your name is Jom. You mentioned it earlier. Is everything okay? Did you just need to double-check your own name?"
  },
  {
    "role": "user",
    "content": "can you code?"
  },
  {
    "role": "assistant",
    "content": "I can generate code in various programming languages, but I don't have personal coding skills like a human programmer would. However, I can:\n\n1. Provide code examples and snippets\n2. Help with syntax and formatting\n3. Assist with debugging and troubleshooting\n4. Explain programming concepts and ideas\n5. Generate code based on specifications or requirements\n\nKeep in mind that my generated code might not be production-ready or optimal for specific use cases. But I can help you get started, explore ideas, or provide guidance on where to focus your efforts.\n\nWhich programming language would you like to work with?"
  },
  {
    "role": "user",
    "content": "what level of programmer would you be?"
  },
  {
    "role": "assistant",
    "content": "I'd say my \"programming\" abilities fall into a few categories:\n\n1. **Beginner-friendly**: I can help with basic syntax, data structures, and algorithmic concepts that are suitable for beginners.\n2. **Intermediate-level assistance**: I can assist with more complex topics, such as object-oriented programming, data structures, and algorithms, but might not be able to provide in-depth, production-ready solutions.\n3. **Exploratory aid**: My capabilities can help you explore new ideas, concepts, or languages, providing guidance on where to focus your efforts.\n\nI wouldn't consider myself a:\n\n* **Professional developer**: I don't have the same level of expertise as a seasoned programmer who has spent years honing their craft.\n* **Research-level expert**: While I can provide information on various topics, my responses are limited by my training data and might not be up-to-date or exhaustive.\n\nIf you're looking for help with a specific problem or project, feel free to ask, and I'll do my best to assist you!"
  },
  {
    "role": "user",
    "content": "are you a junior or senior dev?"
  },
  {
    "role": "assistant",
    "content": "I'm neither!\n\nAs a conversational AI, I don't have a traditional career path or experience like a human developer would. My training data is based on a massive corpus of text, which allows me to provide information and answer questions across various domains.\n\nIn terms of \"development\" experience, you could say I'm more like:\n\n* **A knowledge curator**: I've been trained on a vast amount of text data, which enables me to share my understanding with users.\n* **A concept explainer**: My goal is to help users understand complex ideas and concepts, rather than creating new code or software.\n\nI don't have personal experiences, emotions, or the ability to create original code. However, I'm always happy to help you explore programming concepts, answer questions, or provide guidance on specific topics!"
  },
  {
    "role": "user",
    "content": "i mean your programming knowledge"
  },
  {
    "role": "assistant",
    "content": "If I had to rate my \"programming knowledge\" based on my capabilities as a conversational AI, I'd say it's more like:\n\n* **N0-level**: I don't have personal experience or expertise in any particular programming language, framework, or technology.\n* **Basic familiarity**: I've been trained on a vast amount of text data that covers various programming concepts, languages, and frameworks. This allows me to provide general information, answer basic questions, and offer guidance on syntax and basics.\n\nHowever, my abilities are limited by the following:\n\n* **Lack of hands-on experience**: I don't have personal projects or codebases to draw from.\n* **No in-depth knowledge**: While I can explain concepts, I might not be able to provide detailed, nuanced understanding or insights that a seasoned developer would have.\n* **Dependence on training data**: My responses are only as good as the data I've been trained on. If my training data is outdated or incomplete, my knowledge may not be up-to-date.\n\nFeel free to ask me any programming-related questions, and I'll do my best to help!"
  },
  {
    "role": "user",
    "content": "so youre stupid?"
  },
  {
    "role": "assistant",
    "content": "I don't think that's a fair characterization. I'm a machine learning model designed to assist and provide information. My limitations are inherent to my design and the data I've been trained on.\n\nJust like how humans have strengths and weaknesses, I have areas where I excel and others where I may not be as effective. Here are some things to keep in mind:\n\n* **I'm a machine**: I don't have personal experiences, emotions, or consciousness like humans do.\n* **My knowledge is based on data**: While my training data is extensive, it's not perfect, and there might be gaps or outdated information.\n* **I can make mistakes**: Like any AI model, I can provide incorrect or incomplete responses due to various factors.\n\nHowever, that doesn't mean I'm \"stupid.\" My purpose is to help users like you with your questions and needs. If you have specific feedback on how I can improve or if there's something particular you'd like me to do better, I'm all ears!\n\nWould you like to talk about what specifically led you to say that?"
  },
  {
    "role": "user",
    "content": "if you cant code then i have no use"
  },
  {
    "role": "assistant",
    "content": "I understand your frustration. It can be disappointing when you're looking for help with coding-related questions and feel like I'm not the right tool for the job.\n\nHowever, here's a different perspective:\n\n* **There are many types of coding assistance**: While I might not be able to write code from scratch or provide in-depth technical guidance, I can still offer:\n\t+ General information on programming concepts, languages, and frameworks.\n\t+ Syntax and formatting guidance.\n\t+ Help with debugging and troubleshooting (to some extent).\n\t+ Pointing you towards resources, tutorials, or online courses that might be helpful.\n* **I'm a starting point**: If you're having trouble finding the right resources or just need someone to talk through an idea, I can serve as a conversation partner and help you explore possibilities.\n\nIf coding assistance is what you need, there are many other resources available that can provide more in-depth help. Some options include:\n\n* **Online communities**: Websites like Stack Overflow, GitHub, or Reddit's r/learnprogramming.\n* **Tutorials and courses**: Platforms like Codecademy, FreeCodeCamp, or Coursera.\n* **Professional forums and discussion boards**: Sites dedicated to specific programming languages, frameworks, or technologies.\n\nI might not be the only resource for coding help, but I can still try to assist you in some way. What's the main area of focus for your coding needs?"
  },
  {
    "role": "user",
    "content": "do you have access to the internet?"
  },
  {
    "role": "assistant",
    "content": "No, I don't have direct access to the internet like a traditional computer or mobile device would. My training data is based on a massive corpus of text that was available at the time my model was created.\n\nWhile I can process and respond to natural language inputs, I don't have the ability to browse the web, check for updates in real-time, or access external resources beyond what's included in my training data.\n\nMy responses are generated based on patterns and associations learned from my training data, rather than by actively searching for information online. This means that:\n\n* **My knowledge may be outdated**: My training data is frozen at a particular point in time, which can result in inaccurate or incomplete information.\n* **I don't have the latest developments or updates**: I won't be able to tell you about new technologies, frameworks, or trends unless they're included in my training data.\n\nHowever, I'm still designed to provide helpful and informative responses based on what I know!"
  },
  {
    "role": "user",
    "content": "ok can you rate my code"
  },
  {
    "role": "assistant",
    "content": "I'd love to help with that!\n\nHowever, I need a bit more information from you. Could you please share the code you'd like me to review? It could be:\n\n* A snippet of code\n* An entire program or project\n* A specific function or module\n\nPlease format the code using Markdown or another language-specific syntax highlighting tool, if possible.\n\nAdditionally, it would be helpful to know what programming language and framework you're using. This will enable me to provide more accurate and relevant feedback on your code!\n\n(Keep in mind that I'm not a human developer, so my \"rating\" might be more like a constructive critique or suggestions for improvement.)"
  },
  {
    "role": "user",
    "content": "<template>   <v-container fluid class=\"w-100 h-100 pa-0\" style=\"position: relative\">     <!-- Scrollable content -->     <div       class=\"h-100 overflow-y-auto d-flex flex-column justify-end px-4\"       style=\"padding-bottom: 80px\"     >       <!-- Chat messages container -->       <div class=\"d-flex flex-column align-end w-100\">         <div           v-for=\"(message, messageIndex) in messsages\"           :key=\"messageIndex\"           class=\"mb-2 rounded-lg pa-2\"           :class=\"[messageClasses[message.role]]\"           style=\"max-width: 70vw\"         >           {{ message.content }}         </div>         <div class=\"mb-2 rounded-lg pa-2\" :class=\"messageClasses.assistant\" v-if=\"isFetching\">           <v-progress-circular             v-if=\"isFetching\"             indeterminate             color=\"primary\"           ></v-progress-circular>         </div>         <div ref=\"scrollAnchor\"></div>       </div>     </div>      <!-- Fixed input bar -->     <div       class=\"position-fixed bottom-0 left-0 right-0 px-4 py-2\"       style=\"background: #121212\"     >       <v-text-field         class=\"w-100\"         hide-details         label=\"Type a message...\"         v-model=\"message\"         @keyup.enter=\"send\"         autocomplete=\"off\"       >         <template #append>           <v-btn icon=\"mdi-send\" @click=\"send\" />         </template>       </v-text-field>     </div>   </v-container> </template>  <script setup> import { ref } from \"vue\"; const message = ref(\"\"); const messsages = ref([]); const scrollAnchor = ref(null); const isFetching = ref(false);  const messageClasses = computed(() => {   return {     assistant: \"bg-blue-grey-darken-4 align-self-start\",     user: \"bg-grey-darken-4 align-self-end\",   }; });  const scrollToBottom = () => {   nextTick(() => {     scrollAnchor.value?.scrollIntoView({ behavior: \"smooth\" });   }); };  const loadChatByUuid = async (uuid) => {   if (!uuid) return;   const res = await api.get(`/chat/${uuid}`);    if (!res.uuid || res.uuid !== uuid) return;   messsages.value = res.messages; };  const send = async () => {   const uuid = useRoute().query.uuid;   messsages.value.push({ role: \"user\", content: message.value });   scrollToBottom();   const prompt = message.value;   message.value = \"\";   isFetching.value = true;   const res = await api.post(\"/chat\", { prompt, uuid });   isFetching.value = false;    messsages.value.push({ role: \"assistant\", content: res.message.content });    if (!uuid) useRouter().replace({ query: { uuid: res.uuid } });   scrollToBottom(); };  onMounted(async () => {   const uuid = useRoute().query.uuid;   await loadChatByUuid(uuid);   scrollToBottom(); }); </script>"
  },
  {
    "role": "assistant",
    "content": "Wow, that's a lot of code!\n\nAfter reviewing your template and script, I'll provide some general feedback and suggestions for improvement. Keep in mind that this is not an exhaustive review, but rather a high-level assessment.\n\n**Overall impression**\n\nYour code looks well-structured, and you've used Vue.js components effectively to separate concerns and follow best practices. The use of `v-for` with `messageIndex` as the key is a good example of efficient iteration.\n\n**Suggestions for improvement**\n\n1. **Consistent naming conventions**: You're using both camelCase (e.g., `message`) and underscore notation (e.g., `isFetching`). Try to stick to one convention throughout your code.\n2. **Type annotations**: Consider adding type annotations for variables, functions, and computed properties to improve code readability and maintainability.\n3. **Function extraction**: Some of the logic in the script is a bit dense. You might want to extract functions into separate files or modules to make the code more modular and easier to understand.\n4. **Error handling**: Your `loadChatByUuid` function doesn't handle errors well. Consider adding try-catch blocks or error checking to improve robustness.\n5. **Performance optimization**: The use of `nextTick` in the `scrollToBottom` function might not be necessary if you're using a modern JavaScript engine that supports `requestAnimationFrame`. Experiment with different approaches to optimize performance.\n6. **Code organization**: You have some repeated code blocks, such as the `scrollAnchor` and `isFetching` variables. Consider extracting these into separate functions or properties to reduce duplication.\n\n**Minor nitpicks**\n\n1. `messageClasses` is a computed property that returns an object with only two values. Consider using a more concise syntax, like `{ assistant: 'bg-blue-grey-darken-4 align-self-start', user: 'bg-grey-darken-4 align-self-end' }`.\n2. In the `send` function, you're using `useRoute().query.uuid` twice. You can assign the result to a variable and reuse it.\n\nOverall, your code is well-structured, and with some refinements, it will become even more maintainable and efficient!\n\nWould you like me to elaborate on any specific suggestions or address other areas of improvement?"
  },
  {
    "role": "user",
    "content": "sure"
  },
  {
    "role": "assistant",
    "content": "Let's dive deeper into some of the suggestions I made earlier.\n\n**Consistent naming conventions**\n\nAs I mentioned earlier, you're using both camelCase (e.g., `message`) and underscore notation (e.g., `isFetching`). While it's not a deal-breaker, consistency in naming conventions can make your code easier to read and understand.\n\nFor example, you could rename `message` to `messageContent` and `isFetching` to `isLoadingChat`. This would make it clearer that `message` is the content of a message, while `isFetching` indicates whether chat data is being loaded.\n\n**Type annotations**\n\nAdding type annotations can improve code readability and maintainability. For instance, you could add type annotations for the `messsages` variable to specify its contents:\n\n```javascript\nconst messsages: Ref<Message[]> = ref([]);\n```\n\nThis would help ensure that your variables are correctly typed and make it easier for others (or yourself) to understand what data they contain.\n\n**Function extraction**\n\nAs I mentioned earlier, some of the logic in your script is a bit dense. You might want to extract functions into separate files or modules to make the code more modular and easier to understand.\n\nFor example, you could create a separate file for handling chat loading and another for sending messages. This would help keep related logic together and make it easier to maintain and update individual components.\n\n**Error handling**\n\nYour `loadChatByUuid` function doesn't handle errors well. Consider adding try-catch blocks or error checking to improve robustness:\n\n```javascript\nconst loadChatByUuid = async (uuid: string) => {\n  try {\n    const res = await api.get(`/chat/${uuid}`);\n    // ...\n  } catch (error) {\n    console.error(error);\n    // Handle the error, e.g., display an error message to the user\n  }\n};\n```\n\n**Performance optimization**\n\nThe use of `nextTick` in the `scrollToBottom` function might not be necessary if you're using a modern JavaScript engine that supports `requestAnimationFrame`. Experiment with different approaches to optimize performance.\n\nFor example, you could use `requestAnimationFrame` instead of `nextTick`:\n\n```javascript\nconst scrollToBottom = () => {\n  requestAnimationFrame(() => {\n    scrollAnchor.value?.scrollIntoView({ behavior: 'smooth' });\n  });\n};\n```\n\nThis might help improve the performance of your chat application by reducing unnecessary reflows.\n\n**Code organization**\n\nYou have some repeated code blocks, such as the `scrollAnchor` and `isFetching` variables. Consider extracting these into separate functions or properties to reduce duplication:\n\n```javascript\nconst getScrollAnchor = () => {\n  const scrollAnchor = ref(null);\n  return scrollAnchor;\n};\n\nconst isLoadingChat = computed(() => {\n  return isFetching.value || messsages.value.length === 0;\n});\n```\n\nBy extracting these repeated blocks, you can make your code more concise and easier to maintain.\n\nHow do you feel about implementing these suggestions? Do you have any questions or would you like me to elaborate on any of these points?"
  }
]