[
  {
    "role": "user",
    "content": "Test"
  },
  {
    "role": "assistant",
    "content": "It looks like you're testing to make sure I'm working properly. Is there something specific you'd like to test or talk about? I'm here to help!"
  },
  {
    "role": "user",
    "content": "Im Jom"
  },
  {
    "role": "assistant",
    "content": "Nice to meet you, Jom! How's your day going so far? Is there anything on your mind that you'd like to chat about, or are you just looking for some company? I'm all ears!"
  },
  {
    "role": "user",
    "content": "Whats my name?"
  },
  {
    "role": "assistant",
    "content": "I remember! Your name is Jom. You mentioned it earlier when we started chatting. Is everything okay? Did you forget something?"
  },
  {
    "role": "user",
    "content": "Whats my name?"
  },
  {
    "role": "assistant",
    "content": "Déjà vu! As I mentioned earlier, your name is Jom. We've been having this conversation for a bit now, and I'm happy to recall that detail about you!"
  }
]